This is pdfTeX, Version 3.1415926-2.4-1.40.13 (TeX Live 2012) (format=pdflatex 2012.6.30)  26 MAY 2014 13:02
entering extended mode
 \write18 enabled.
 file:line:error style messages enabled.
 %&-line parsing enabled.
**Doc.tex
(./Doc.tex
LaTeX2e <2011/06/27>
Babel <v3.8m> and hyphenation patterns for english, dumylang, nohyphenation, ge
rman-x-2012-05-30, ngerman-x-2012-05-30, afrikaans, ancientgreek, ibycus, arabi
c, armenian, basque, bulgarian, catalan, pinyin, coptic, croatian, czech, danis
h, dutch, ukenglish, usenglishmax, esperanto, estonian, ethiopic, farsi, finnis
h, french, friulan, galician, german, ngerman, swissgerman, monogreek, greek, h
ungarian, icelandic, assamese, bengali, gujarati, hindi, kannada, malayalam, ma
rathi, oriya, panjabi, tamil, telugu, indonesian, interlingua, irish, italian, 
kurmanji, latin, latvian, lithuanian, mongolian, mongolianlmc, bokmal, nynorsk,
 polish, portuguese, romanian, romansh, russian, sanskrit, serbian, serbianc, s
lovak, slovenian, spanish, swedish, turkish, turkmen, ukrainian, uppersorbian, 
welsh, loaded.
(/usr/local/texlive/2012/texmf-dist/tex/latex/base/article.cls
Document Class: article 2007/10/19 v1.4h Standard LaTeX document class
(/usr/local/texlive/2012/texmf-dist/tex/latex/base/size10.clo
File: size10.clo 2007/10/19 v1.4h Standard LaTeX file (size option)
)
\c@part=\count79
\c@section=\count80
\c@subsection=\count81
\c@subsubsection=\count82
\c@paragraph=\count83
\c@subparagraph=\count84
\c@figure=\count85
\c@table=\count86
\abovecaptionskip=\skip41
\belowcaptionskip=\skip42
\bibindent=\dimen102
)
(/usr/local/texlive/2012/texmf-dist/tex/latex/graphics/color.sty
Package: color 2005/11/14 v1.0j Standard LaTeX Color (DPC)

(/usr/local/texlive/2012/texmf-dist/tex/latex/latexconfig/color.cfg
File: color.cfg 2007/01/18 v1.5 color configuration of teTeX/TeXLive
)
Package color Info: Driver file: pdftex.def on input line 130.

(/usr/local/texlive/2012/texmf-dist/tex/latex/pdftex-def/pdftex.def
File: pdftex.def 2011/05/27 v0.06d Graphics/color for pdfTeX

(/usr/local/texlive/2012/texmf-dist/tex/generic/oberdiek/infwarerr.sty
Package: infwarerr 2010/04/08 v1.3 Providing info/warning/error messages (HO)
)
(/usr/local/texlive/2012/texmf-dist/tex/generic/oberdiek/ltxcmds.sty
Package: ltxcmds 2011/11/09 v1.22 LaTeX kernel commands for general use (HO)
)
\Gread@gobject=\count87
))
(/usr/local/texlive/2012/texmf-dist/tex/latex/graphics/graphicx.sty
Package: graphicx 1999/02/16 v1.0f Enhanced LaTeX Graphics (DPC,SPQR)

(/usr/local/texlive/2012/texmf-dist/tex/latex/graphics/keyval.sty
Package: keyval 1999/03/16 v1.13 key=value parser (DPC)
\KV@toks@=\toks14
)
(/usr/local/texlive/2012/texmf-dist/tex/latex/graphics/graphics.sty
Package: graphics 2009/02/05 v1.0o Standard LaTeX Graphics (DPC,SPQR)

(/usr/local/texlive/2012/texmf-dist/tex/latex/graphics/trig.sty
Package: trig 1999/03/16 v1.09 sin cos tan (DPC)
)
(/usr/local/texlive/2012/texmf-dist/tex/latex/latexconfig/graphics.cfg
File: graphics.cfg 2010/04/23 v1.9 graphics configuration of TeX Live
)
Package graphics Info: Driver file: pdftex.def on input line 91.
)
\Gin@req@height=\dimen103
\Gin@req@width=\dimen104
)
(/usr/local/texlive/2012/texmf-dist/tex/latex/subfigure/subfigure.sty
Package: subfigure 2002/03/15 v2.1.5 subfigure package
\subfigtopskip=\skip43
\subfigcapskip=\skip44
\subfigcaptopadj=\dimen105
\subfigbottomskip=\skip45
\subfigcapmargin=\dimen106
\subfiglabelskip=\skip46
\c@subfigure=\count88
\c@lofdepth=\count89
\c@subtable=\count90
\c@lotdepth=\count91

****************************************
* Local config file subfigure.cfg used *
****************************************
(/usr/local/texlive/2012/texmf-dist/tex/latex/subfigure/subfigure.cfg)
\subfig@top=\skip47
\subfig@bottom=\skip48
)
(/usr/local/texlive/2012/texmf-dist/tex/latex/multirow/multirow.sty
\bigstrutjot=\dimen107
)
(/usr/local/texlive/2012/texmf-dist/tex/latex/miller/miller.sty
Package: miller 2004/09/20 v1.2 print miller indices
)
(/usr/local/texlive/2012/texmf-dist/tex/latex/amsmath/amsmath.sty
Package: amsmath 2000/07/18 v2.13 AMS math features
\@mathmargin=\skip49

For additional information on amsmath, use the `?' option.
(/usr/local/texlive/2012/texmf-dist/tex/latex/amsmath/amstext.sty
Package: amstext 2000/06/29 v2.01

(/usr/local/texlive/2012/texmf-dist/tex/latex/amsmath/amsgen.sty
File: amsgen.sty 1999/11/30 v2.0
\@emptytoks=\toks15
\ex@=\dimen108
))
(/usr/local/texlive/2012/texmf-dist/tex/latex/amsmath/amsbsy.sty
Package: amsbsy 1999/11/29 v1.2d
\pmbraise@=\dimen109
)
(/usr/local/texlive/2012/texmf-dist/tex/latex/amsmath/amsopn.sty
Package: amsopn 1999/12/14 v2.01 operator names
)
\inf@bad=\count92
LaTeX Info: Redefining \frac on input line 211.
\uproot@=\count93
\leftroot@=\count94
LaTeX Info: Redefining \overline on input line 307.
\classnum@=\count95
\DOTSCASE@=\count96
LaTeX Info: Redefining \ldots on input line 379.
LaTeX Info: Redefining \dots on input line 382.
LaTeX Info: Redefining \cdots on input line 467.
\Mathstrutbox@=\box26
\strutbox@=\box27
\big@size=\dimen110
LaTeX Font Info:    Redeclaring font encoding OML on input line 567.
LaTeX Font Info:    Redeclaring font encoding OMS on input line 568.
\macc@depth=\count97
\c@MaxMatrixCols=\count98
\dotsspace@=\muskip10
\c@parentequation=\count99
\dspbrk@lvl=\count100
\tag@help=\toks16
\row@=\count101
\column@=\count102
\maxfields@=\count103
\andhelp@=\toks17
\eqnshift@=\dimen111
\alignsep@=\dimen112
\tagshift@=\dimen113
\tagwidth@=\dimen114
\totwidth@=\dimen115
\lineht@=\dimen116
\@envbody=\toks18
\multlinegap=\skip50
\multlinetaggap=\skip51
\mathdisplay@stack=\toks19
LaTeX Info: Redefining \[ on input line 2666.
LaTeX Info: Redefining \] on input line 2667.
)
(/usr/local/texlive/2012/texmf-dist/tex/latex/pbox/pbox.sty
Package: pbox 2011/12/07 v1.2 Dynamic parboxes

(/usr/local/texlive/2012/texmf-dist/tex/latex/tools/calc.sty
Package: calc 2007/08/22 v4.3 Infix arithmetic (KKT,FJ)
\calc@Acount=\count104
\calc@Bcount=\count105
\calc@Adimen=\dimen117
\calc@Bdimen=\dimen118
\calc@Askip=\skip52
\calc@Bskip=\skip53
LaTeX Info: Redefining \setlength on input line 76.
LaTeX Info: Redefining \addtolength on input line 77.
\calc@Ccount=\count106
\calc@Cskip=\skip54
)
(/usr/local/texlive/2012/texmf-dist/tex/latex/base/ifthen.sty
Package: ifthen 2001/05/26 v1.1c Standard LaTeX ifthen package (DPC)
)
\pb@xlen=\skip55
)
(/usr/local/texlive/2012/texmf-dist/tex/latex/hyperref/hyperref.sty
Package: hyperref 2012/05/13 v6.82q Hypertext links for LaTeX

(/usr/local/texlive/2012/texmf-dist/tex/generic/oberdiek/hobsub-hyperref.sty
Package: hobsub-hyperref 2012/05/28 v1.13 Bundle oberdiek, subset hyperref (HO)


(/usr/local/texlive/2012/texmf-dist/tex/generic/oberdiek/hobsub-generic.sty
Package: hobsub-generic 2012/05/28 v1.13 Bundle oberdiek, subset generic (HO)
Package: hobsub 2012/05/28 v1.13 Construct package bundles (HO)
Package hobsub Info: Skipping package `infwarerr' (already loaded).
Package hobsub Info: Skipping package `ltxcmds' (already loaded).
Package: ifluatex 2010/03/01 v1.3 Provides the ifluatex switch (HO)
Package ifluatex Info: LuaTeX not detected.
Package: ifvtex 2010/03/01 v1.5 Detect VTeX and its facilities (HO)
Package ifvtex Info: VTeX not detected.
Package: intcalc 2007/09/27 v1.1 Expandable calculations with integers (HO)
Package: ifpdf 2011/01/30 v2.3 Provides the ifpdf switch (HO)
Package ifpdf Info: pdfTeX in PDF mode is detected.
Package: etexcmds 2011/02/16 v1.5 Avoid name clashes with e-TeX commands (HO)
Package etexcmds Info: Could not find \expanded.
(etexcmds)             That can mean that you are not using pdfTeX 1.50 or
(etexcmds)             that some package has redefined \expanded.
(etexcmds)             In the latter case, load this package earlier.
Package: kvsetkeys 2012/04/25 v1.16 Key value parser (HO)
Package: kvdefinekeys 2011/04/07 v1.3 Define keys (HO)
Package: pdftexcmds 2011/11/29 v0.20 Utility functions of pdfTeX for LuaTeX (HO
)
Package pdftexcmds Info: LuaTeX not detected.
Package pdftexcmds Info: \pdf@primitive is available.
Package pdftexcmds Info: \pdf@ifprimitive is available.
Package pdftexcmds Info: \pdfdraftmode found.
Package: pdfescape 2011/11/25 v1.13 Implements pdfTeX's escape features (HO)
Package: bigintcalc 2012/04/08 v1.3 Expandable calculations on big integers (HO
)
Package: bitset 2011/01/30 v1.1 Handle bit-vector datatype (HO)
Package: uniquecounter 2011/01/30 v1.2 Provide unlimited unique counter (HO)
)
Package hobsub Info: Skipping package `hobsub' (already loaded).
Package: letltxmacro 2010/09/02 v1.4 Let assignment for LaTeX macros (HO)
Package: hopatch 2012/05/28 v1.2 Wrapper for package hooks (HO)
Package: xcolor-patch 2011/01/30 xcolor patch
Package: atveryend 2011/06/30 v1.8 Hooks at the very end of document (HO)
Package atveryend Info: \enddocument detected (standard20110627).
Package: atbegshi 2011/10/05 v1.16 At begin shipout hook (HO)
Package: refcount 2011/10/16 v3.4 Data extraction from label references (HO)
Package: hycolor 2011/01/30 v1.7 Color options for hyperref/bookmark (HO)
)
(/usr/local/texlive/2012/texmf-dist/tex/generic/ifxetex/ifxetex.sty
Package: ifxetex 2010/09/12 v0.6 Provides ifxetex conditional
)
(/usr/local/texlive/2012/texmf-dist/tex/latex/oberdiek/kvoptions.sty
Package: kvoptions 2011/06/30 v3.11 Key value format for package options (HO)
)
\@linkdim=\dimen119
\Hy@linkcounter=\count107
\Hy@pagecounter=\count108

(/usr/local/texlive/2012/texmf-dist/tex/latex/hyperref/pd1enc.def
File: pd1enc.def 2012/05/13 v6.82q Hyperref: PDFDocEncoding definition (HO)
)
\Hy@SavedSpaceFactor=\count109

(/usr/local/texlive/2012/texmf-dist/tex/latex/latexconfig/hyperref.cfg
File: hyperref.cfg 2002/06/06 v1.2 hyperref configuration of TeXLive
)
Package hyperref Info: Hyper figures OFF on input line 4062.
Package hyperref Info: Link nesting OFF on input line 4067.
Package hyperref Info: Hyper index ON on input line 4070.
Package hyperref Info: Plain pages OFF on input line 4077.
Package hyperref Info: Backreferencing OFF on input line 4082.
Package hyperref Info: Implicit mode ON; LaTeX internals redefined.
Package hyperref Info: Bookmarks ON on input line 4300.
\c@Hy@tempcnt=\count110

(/usr/local/texlive/2012/texmf-dist/tex/latex/url/url.sty
\Urlmuskip=\muskip11
Package: url 2006/04/12  ver 3.3  Verb mode for urls, etc.
)
LaTeX Info: Redefining \url on input line 4653.
\Fld@menulength=\count111
\Field@Width=\dimen120
\Fld@charsize=\dimen121
Package hyperref Info: Hyper figures OFF on input line 5773.
Package hyperref Info: Link nesting OFF on input line 5778.
Package hyperref Info: Hyper index ON on input line 5781.
Package hyperref Info: backreferencing OFF on input line 5788.
Package hyperref Info: Link coloring OFF on input line 5793.
Package hyperref Info: Link coloring with OCG OFF on input line 5798.
Package hyperref Info: PDF/A mode OFF on input line 5803.
LaTeX Info: Redefining \ref on input line 5843.
LaTeX Info: Redefining \pageref on input line 5847.
\Hy@abspage=\count112
\c@Item=\count113
\c@Hfootnote=\count114
)

Package hyperref Message: Driver (autodetected): hpdftex.

(/usr/local/texlive/2012/texmf-dist/tex/latex/hyperref/hpdftex.def
File: hpdftex.def 2012/05/13 v6.82q Hyperref driver for pdfTeX
\Fld@listcount=\count115
\c@bookmark@seq@number=\count116

(/usr/local/texlive/2012/texmf-dist/tex/latex/oberdiek/rerunfilecheck.sty
Package: rerunfilecheck 2011/04/15 v1.7 Rerun checks for auxiliary files (HO)
Package uniquecounter Info: New unique counter `rerunfilecheck' on input line 2
82.
)
\Hy@SectionHShift=\skip56
)
(/usr/local/texlive/2012/texmf-dist/tex/latex/fancyvrb/fancyvrb.sty
Package: fancyvrb 2008/02/07

Style option: `fancyvrb' v2.7a, with DG/SPQR fixes, and firstline=lastline fix 
<2008/02/07> (tvz)
\FV@CodeLineNo=\count117
\FV@InFile=\read1
\FV@TabBox=\box28
\c@FancyVerbLine=\count118
\FV@StepNumber=\count119
\FV@OutFile=\write3
)
(/usr/local/texlive/2012/texmf-dist/tex/latex/environ/environ.sty
Package: environ 2008/06/18 v0.2 A new way to define environments
)
(/usr/local/texlive/2012/texmf-dist/tex/latex/tools/verbatim.sty
Package: verbatim 2003/08/22 v1.5q LaTeX2e package for verbatim enhancements
\every@verbatim=\toks20
\verbatim@line=\toks21
\verbatim@in@stream=\read2
)
(/usr/local/texlive/2012/texmf-dist/tex/latex/graphics/lscape.sty
Package: lscape 2000/10/22 v3.01 Landscape Pages (DPC)
)
(/usr/local/texlive/2012/texmf-dist/tex/latex/geometry/geometry.sty
Package: geometry 2010/09/12 v5.6 Page Geometry
\Gm@cnth=\count120
\Gm@cntv=\count121
\c@Gm@tempcnt=\count122
\Gm@bindingoffset=\dimen122
\Gm@wd@mp=\dimen123
\Gm@odd@mp=\dimen124
\Gm@even@mp=\dimen125
\Gm@layoutwidth=\dimen126
\Gm@layoutheight=\dimen127
\Gm@layouthoffset=\dimen128
\Gm@layoutvoffset=\dimen129
\Gm@dimlist=\toks22
)
(/usr/local/texlive/2012/texmf-dist/tex/latex/listings/listings.sty
\lst@mode=\count123
\lst@gtempboxa=\box29
\lst@token=\toks23
\lst@length=\count124
\lst@currlwidth=\dimen130
\lst@column=\count125
\lst@pos=\count126
\lst@lostspace=\dimen131
\lst@width=\dimen132
\lst@newlines=\count127
\lst@lineno=\count128
\lst@maxwidth=\dimen133

(/usr/local/texlive/2012/texmf-dist/tex/latex/listings/lstmisc.sty
File: lstmisc.sty 2007/02/22 1.4 (Carsten Heinz)
\c@lstnumber=\count129
\lst@skipnumbers=\count130
\lst@framebox=\box30
)
(/usr/local/texlive/2012/texmf-dist/tex/latex/listings/listings.cfg
File: listings.cfg 2007/02/22 1.4 listings configuration
))
Package: listings 2007/02/22 1.4 (Carsten Heinz)
LaTeX Font Info:    Try loading font information for T1+txtt on input line 38.

(/usr/local/texlive/2012/texmf-dist/tex/latex/txfonts/t1txtt.fd
File: t1txtt.fd 2000/12/15 v3.1
)
LaTeX Font Info:    Font shape `T1/txtt/m/it' in size <10> not available
(Font)              Font shape `T1/txtt/m/sl' tried instead on input line 40.
 (./Doc.aux)
\openout1 = `Doc.aux'.

LaTeX Font Info:    Checking defaults for OML/cmm/m/it on input line 61.
LaTeX Font Info:    ... okay on input line 61.
LaTeX Font Info:    Checking defaults for T1/cmr/m/n on input line 61.
LaTeX Font Info:    ... okay on input line 61.
LaTeX Font Info:    Checking defaults for OT1/cmr/m/n on input line 61.
LaTeX Font Info:    ... okay on input line 61.
LaTeX Font Info:    Checking defaults for OMS/cmsy/m/n on input line 61.
LaTeX Font Info:    ... okay on input line 61.
LaTeX Font Info:    Checking defaults for OMX/cmex/m/n on input line 61.
LaTeX Font Info:    ... okay on input line 61.
LaTeX Font Info:    Checking defaults for U/cmr/m/n on input line 61.
LaTeX Font Info:    ... okay on input line 61.
LaTeX Font Info:    Checking defaults for PD1/pdf/m/n on input line 61.
LaTeX Font Info:    ... okay on input line 61.

(/usr/local/texlive/2012/texmf-dist/tex/context/base/supp-pdf.mkii
[Loading MPS to PDF converter (version 2006.09.02).]
\scratchcounter=\count131
\scratchdimen=\dimen134
\scratchbox=\box31
\nofMPsegments=\count132
\nofMParguments=\count133
\everyMPshowfont=\toks24
\MPscratchCnt=\count134
\MPscratchDim=\dimen135
\MPnumerator=\count135
\makeMPintoPDFobject=\count136
\everyMPtoPDFconversion=\toks25
) (/usr/local/texlive/2012/texmf-dist/tex/latex/oberdiek/epstopdf-base.sty
Package: epstopdf-base 2010/02/09 v2.5 Base part for package epstopdf

(/usr/local/texlive/2012/texmf-dist/tex/latex/oberdiek/grfext.sty
Package: grfext 2010/08/19 v1.1 Manage graphics extensions (HO)
)
Package grfext Info: Graphics extension search list:
(grfext)             [.png,.pdf,.jpg,.mps,.jpeg,.jbig2,.jb2,.PNG,.PDF,.JPG,.JPE
G,.JBIG2,.JB2,.eps]
(grfext)             \AppendGraphicsExtensions on input line 452.

(/usr/local/texlive/2012/texmf-dist/tex/latex/latexconfig/epstopdf-sys.cfg
File: epstopdf-sys.cfg 2010/07/13 v1.3 Configuration of (r)epstopdf for TeX Liv
e
))
\AtBeginShipoutBox=\box32
Package hyperref Info: Link coloring OFF on input line 61.

(/usr/local/texlive/2012/texmf-dist/tex/latex/hyperref/nameref.sty
Package: nameref 2010/04/30 v2.40 Cross-referencing by name of section

(/usr/local/texlive/2012/texmf-dist/tex/generic/oberdiek/gettitlestring.sty
Package: gettitlestring 2010/12/03 v1.4 Cleanup title references (HO)
)
\c@section@level=\count137
)
LaTeX Info: Redefining \ref on input line 61.
LaTeX Info: Redefining \pageref on input line 61.
LaTeX Info: Redefining \nameref on input line 61.

(./Doc.out) (./Doc.out)
\@outlinefile=\write4
\openout4 = `Doc.out'.


*geometry* driver: auto-detecting
*geometry* detected driver: pdftex
*geometry* verbose mode - [ preamble ] result:
* driver: pdftex
* paper: a4paper
* layout: <same size as paper>
* layoutoffset:(h,v)=(0.0pt,0.0pt)
* bindingoffset: 14.45377pt
* modes: 
* h-part:(L,W,R)=(72.26999pt, 438.51413pt, 72.26999pt)
* v-part:(T,H,B)=(72.26999pt, 700.50687pt, 72.26999pt)
* \paperwidth=597.50787pt
* \paperheight=845.04684pt
* \textwidth=438.51413pt
* \textheight=700.50687pt
* \oddsidemargin=14.45377pt
* \evensidemargin=0.0pt
* \topmargin=-37.0pt
* \headheight=12.0pt
* \headsep=25.0pt
* \topskip=10.0pt
* \footskip=18.06749pt
* \marginparwidth=65.0pt
* \marginparsep=11.0pt
* \columnsep=10.0pt
* \skip\footins=9.0pt plus 4.0pt minus 2.0pt
* \hoffset=0.0pt
* \voffset=0.0pt
* \mag=1000
* \@twocolumnfalse
* \@twosidefalse
* \@mparswitchfalse
* \@reversemarginfalse
* (1in=72.27pt=25.4mm, 1cm=28.453pt)

\c@lstlisting=\count138
<../../../../logos/nanocap_logo_medium.png, id=148, 211.992pt x 57.816pt>
File: ../../../../logos/nanocap_logo_medium.png Graphic file (type png)

<use ../../../../logos/nanocap_logo_medium.png>
Package pdftex.def Info: ../../../../logos/nanocap_logo_medium.png used on inpu
t line 65.
(pdftex.def)             Requested size: 211.99147pt x 57.81584pt.
 [1

{/usr/local/texlive/2012/texmf-var/fonts/map/pdftex/updmap/pdftex.map} <../../.
./../logos/nanocap_logo_medium.png>] (./Doc.toc [2])
\tf@toc=\write5
\openout5 = `Doc.toc'.

 (./Installation.tex [3]
LaTeX Font Info:    Try loading font information for OMS+cmr on input line 32.

(/usr/local/texlive/2012/texmf-dist/tex/latex/base/omscmr.fd
File: omscmr.fd 1999/05/25 v2.5h Standard LaTeX font definitions
)
LaTeX Font Info:    Font shape `OMS/cmr/m/n' in size <10> not available
(Font)              Font shape `OMS/cmsy/m/n' tried instead on input line 32.

Underfull \hbox (badness 10000) in paragraph at lines 48--51

 []

[4] (/usr/local/texlive/2012/texmf-dist/tex/latex/listings/lstlang1.sty
File: lstlang1.sty 2004/09/05 1.3 listings language file
)
Overfull \hbox (17.49051pt too wide) in paragraph at lines 123--124
[][][][][][][][][][][][][][][][][][][][][][][][][][][] 
 []

LaTeX Font Info:    Try loading font information for OML+cmr on input line 125.

(/usr/local/texlive/2012/texmf-dist/tex/latex/base/omlcmr.fd
File: omlcmr.fd 1999/05/25 v2.5h Standard LaTeX font definitions
)
LaTeX Font Info:    Font shape `OML/cmr/m/n' in size <10> not available
(Font)              Font shape `OML/cmm/m/it' tried instead on input line 125.
) [5]
<../../../../screens/nanocap_single_struct_win.png, id=248, 207.77625pt x 104.3
9pt>
File: ../../../../screens/nanocap_single_struct_win.png Graphic file (type png)

 <use ../../../../screens/nanocap_single_struct_win.png>
Package pdftex.def Info: ../../../../screens/nanocap_single_struct_win.png used
 on input line 106.
(pdftex.def)             Requested size: 124.6667pt x 62.63446pt.

Underfull \hbox (badness 10000) in paragraph at lines 97--111

 []


Underfull \hbox (badness 10000) in paragraph at lines 97--111

 []


Underfull \hbox (badness 10000) in paragraph at lines 97--111

 []

(./Fullerenes.tex
<../../../../screens/nanocap_fullerene_input_win.png, id=249, 353.32pt x 406.51
875pt>
File: ../../../../screens/nanocap_fullerene_input_win.png Graphic file (type pn
g)
 <use ../../../../screens/nanocap_fullerene_input_win.png>
Package pdftex.def Info: ../../../../screens/nanocap_fullerene_input_win.png us
ed on input line 11.
(pdftex.def)             Requested size: 211.99364pt x 243.91312pt.
 [6 <../../../../screens/nanocap_single_struct_win.png> <../../../../screens/na
nocap_fullerene_input_win.png>]) (./Nanotubes.tex
<../../../../screens/nanocap_nanotube_init_finite_win.png, id=258, 389.455pt x 
248.93pt>
File: ../../../../screens/nanocap_nanotube_init_finite_win.png Graphic file (ty
pe png)
 <use ../../../../screens/nanocap_nanotube_init_finite_win.png>
Package pdftex.def Info: ../../../../screens/nanocap_nanotube_init_finite_win.p
ng used on input line 44.
(pdftex.def)             Requested size: 194.72702pt x 124.46469pt.

<../../../../screens/nanocap_nanotube_init_periodic_win.png, id=259, 389.455pt 
x 249.93375pt>
File: ../../../../screens/nanocap_nanotube_init_periodic_win.png Graphic file (
type png)

<use ../../../../screens/nanocap_nanotube_init_periodic_win.png>
Package pdftex.def Info: ../../../../screens/nanocap_nanotube_init_periodic_win
.png used on input line 45.
(pdftex.def)             Requested size: 194.72702pt x 124.96657pt.
 [7 <../../../../screens/nanocap_nanotube_init_finite_win.png> <../../../../scr
eens/nanocap_nanotube_init_periodic_win.png>]) (./CappedNanotubes.tex
<../../../../screens/nanocap_capped_nanotube_input_win.png, id=273, 354.32375pt
 x 476.78125pt>
File: ../../../../screens/nanocap_capped_nanotube_input_win.png Graphic file (t
ype png)

<use ../../../../screens/nanocap_capped_nanotube_input_win.png>
Package pdftex.def Info: ../../../../screens/nanocap_capped_nanotube_input_win.
png used on input line 35.
(pdftex.def)             Requested size: 177.16144pt x 238.39003pt.
 [8 <../../../../screens/nanocap_capped_nanotube_input_win.png>]) [9] (./Struct
ureSearch.tex
<../../../../screens/nanocap_structure_search_progress.png, id=285, 1092.08pt x
 592.2125pt>
File: ../../../../screens/nanocap_structure_search_progress.png Graphic file (t
ype png)
 <use ../../../../screens/nanocap_structure_search_progress.png>
Package pdftex.def Info: ../../../../screens/nanocap_structure_search_progress.
png used on input line 9.
(pdftex.def)             Requested size: 436.82426pt x 236.8808pt.

<../../../../screens/nanocap_structure_search_check.png, id=287, 1091.07625pt x
 547.04375pt>
File: ../../../../screens/nanocap_structure_search_check.png Graphic file (type
 png)
 <use ../../../../screens/nanocap_structure_search_check.png>
Package pdftex.def Info: ../../../../screens/nanocap_structure_search_check.png
 used on input line 18.
(pdftex.def)             Requested size: 436.42278pt x 218.81361pt.


LaTeX Warning: `!h' float specifier changed to `!ht'.

) (./ForceFields.tex [10 <../../../../screens/nanocap_structure_search_progress
.png>]
<../../../../screens/nanocap_carbon_lattice_options_win.png, id=297, 352.31625p
t x 295.1025pt>
File: ../../../../screens/nanocap_carbon_lattice_options_win.png Graphic file (
type png)

<use ../../../../screens/nanocap_carbon_lattice_options_win.png>
Package pdftex.def Info: ../../../../screens/nanocap_carbon_lattice_options_win
.png used on input line 21.
(pdftex.def)             Requested size: 211.39137pt x 177.06285pt.


LaTeX Warning: `!h' float specifier changed to `!ht'.

[11 <../../../../screens/nanocap_structure_search_check.png>])
(./Optimisation.tex [12 <../../../../screens/nanocap_carbon_lattice_options_win
.png>]
<../../../../screens/nanocap_dual_lattice_options_win.png, id=316, 356.33125pt 
x 236.885pt>
File: ../../../../screens/nanocap_dual_lattice_options_win.png Graphic file (ty
pe png)
 <use ../../../../screens/nanocap_dual_lattice_options_win.png>
Package pdftex.def Info: ../../../../screens/nanocap_dual_lattice_options_win.p
ng used on input line 7.
(pdftex.def)             Requested size: 178.16518pt x 118.4422pt.
File: ../../../../screens/nanocap_carbon_lattice_options_win.png Graphic file (
type png)

<use ../../../../screens/nanocap_carbon_lattice_options_win.png>
Package pdftex.def Info: ../../../../screens/nanocap_carbon_lattice_options_win
.png used on input line 8.
(pdftex.def)             Requested size: 176.15768pt x 147.55087pt.

Overfull \hbox (5.12119pt too wide) in paragraph at lines 19--20
\OT1/cmr/m/n/10 ([]$\OT1/cmtt/m/n/10 http : / / docs . scipy . org / doc / scip
y / reference / generated / scipy . optimize . fmin _ l _ bfgs _
 []

[13 <../../../../screens/nanocap_dual_lattice_options_win.png>])
(./Database.tex [14]
Overfull \hbox (16.48625pt too wide) in paragraph at lines 3--4
\OT1/cmr/m/n/10 Each in-di-vid-ual struc-ture loaded or cre-ated can be checked
 against the lo-cal and on-line \OT1/cmtt/m/n/10 NanoCap \OT1/cmr/m/n/10 databa
ses.
 []


<../../../../screens/nanocap_single_storage.png, id=333, 352.31625pt x 429.605p
t>
File: ../../../../screens/nanocap_single_storage.png Graphic file (type png)
 <use ../../../../screens/nanocap_single_storage.png>
Package pdftex.def Info: ../../../../screens/nanocap_single_storage.png used on
 input line 7.
(pdftex.def)             Requested size: 211.39137pt x 257.76498pt.

<../../../../screens/nanocap_db_menu.png, id=334, 350.30875pt x 155.58125pt>
File: ../../../../screens/nanocap_db_menu.png Graphic file (type png)

<use ../../../../screens/nanocap_db_menu.png>
Package pdftex.def Info: ../../../../screens/nanocap_db_menu.png used on input 
line 19.
(pdftex.def)             Requested size: 210.18686pt x 93.34946pt.

<../../../../screens/nanocap_db_viewer.png, id=335, 811.03pt x 524.96124pt>
File: ../../../../screens/nanocap_db_viewer.png Graphic file (type png)

<use ../../../../screens/nanocap_db_viewer.png>
Package pdftex.def Info: ../../../../screens/nanocap_db_viewer.png used on inpu
t line 20.
(pdftex.def)             Requested size: 486.62175pt x 314.97917pt.

Overfull \hbox (48.10762pt too wide) in paragraph at lines 19--21
 [] 
 []


LaTeX Warning: `!h' float specifier changed to `!ht'.

[15 <../../../../screens/nanocap_single_storage.png>] [16 <../../../../screens/
nanocap_db_menu.png> <../../../../screens/nanocap_db_viewer.png>]
<../../../../screens/nanocap_export_structure_menu.png, id=373, 350.30875pt x 1
55.58125pt>
File: ../../../../screens/nanocap_export_structure_menu.png Graphic file (type 
png)
 <use ../../../../screens/nanocap_export_structure_menu.png>
Package pdftex.def Info: ../../../../screens/nanocap_export_structure_menu.png 
used on input line 80.
(pdftex.def)             Requested size: 210.18686pt x 93.34946pt.

<../../../../screens/nanocap_export_structure_win.png, id=374, 303.1325pt x 359
.3425pt>
File: ../../../../screens/nanocap_export_structure_win.png Graphic file (type p
ng)
 <use ../../../../screens/nanocap_export_structure_win.png>
Package pdftex.def Info: ../../../../screens/nanocap_export_structure_win.png u
sed on input line 81.
(pdftex.def)             Requested size: 181.8809pt x 215.60715pt.
)
(./Rendering.tex [17 <../../../../screens/nanocap_export_structure_menu.png> <.
./../../../screens/nanocap_export_structure_win.png>]
<../../../../screens/nanocap_rendering_window.png, id=381, 1104.125pt x 773.891
25pt>
File: ../../../../screens/nanocap_rendering_window.png Graphic file (type png)
 <use ../../../../screens/nanocap_rendering_window.png>
Package pdftex.def Info: ../../../../screens/nanocap_rendering_window.png used 
on input line 7.
(pdftex.def)             Requested size: 496.85167pt x 348.24785pt.

Overfull \hbox (58.33754pt too wide) in paragraph at lines 7--8
 [][] 
 []


<../../../../screens/nanocap_schlegel_options.png, id=383, 356.33125pt x 190.71
25pt>
File: ../../../../screens/nanocap_schlegel_options.png Graphic file (type png)
 <use ../../../../screens/nanocap_schlegel_options.png>
Package pdftex.def Info: ../../../../screens/nanocap_schlegel_options.png used 
on input line 26.
(pdftex.def)             Requested size: 160.34756pt x 85.81982pt.

<../../../../screens/nanocap_schlegel_window.png, id=384, 750.805pt x 729.72626
pt>
File: ../../../../screens/nanocap_schlegel_window.png Graphic file (type png)
 <use ../../../../screens/nanocap_schlegel_window.png>
Package pdftex.def Info: ../../../../screens/nanocap_schlegel_window.png used o
n input line 27.
(pdftex.def)             Requested size: 337.85913pt x 328.37378pt.
) (./Documentation.tex [18 <../../../../screens/nanocap_rendering_window.png>] 
[19 <../../../../screens/nanocap_schlegel_options.png> <../../../../screens/nan
ocap_schlegel_window.png>]) (./Code.tex [20]
<../../../../uml/nanocap_class_UML.png, id=405, 1657.19125pt x 1518.67375pt>
File: ../../../../uml/nanocap_class_UML.png Graphic file (type png)

<use ../../../../uml/nanocap_class_UML.png>
Package pdftex.def Info: ../../../../uml/nanocap_class_UML.png used on input li
ne 10.
(pdftex.def)             Requested size: 512.1496pt x 469.34727pt.

Overfull \hbox (30.83315pt too wide) in paragraph at lines 10--11
 [][] 
 []

<../../../../uml/nanocap_class_gui_UML.png, id=407, 2055.68pt x 1113.15875pt>
File: ../../../../uml/nanocap_class_gui_UML.png Graphic file (type png)

<use ../../../../uml/nanocap_class_gui_UML.png>
Package pdftex.def Info: ../../../../uml/nanocap_class_gui_UML.png used on inpu
t line 22.
(pdftex.def)             Requested size: 625.96062pt x 338.9609pt.


LaTeX Warning: `!h' float specifier changed to `!ht'.

) (./Examples.tex [21 <../../../../uml/nanocap_class_UML.png>] [22 <../../../..
/uml/nanocap_class_gui_UML.png>]
(/usr/local/texlive/2012/texmf-dist/tex/latex/listings/lstlang1.sty
File: lstlang1.sty 2004/09/05 1.3 listings language file
)
Package hyperref Info: bookmark level for unknown lstlisting defaults to 0 on i
nput line 35.

(../../example_scripts/nanocap_nanotube.py)
(../../example_scripts/nanocap_single_fullerene.py [23] [24])
(../../example_scripts/nanocap_bulk_fullerenes.py [25] [26])
(../../example_scripts/nanocap_single_capped_nanotube.py [27] [28])
(../../example_scripts/nanocap_bulk_capped_nanotubes.py [29]) [30]
(../../example_scripts/nanocap_add_structure_to_db.py [31])
(../../example_scripts/nanocap_load_from_db.py [32]))
Package atveryend Info: Empty hook `BeforeClearDocument' on input line 125.
 [33]
Package atveryend Info: Empty hook `AfterLastShipout' on input line 125.
 (./Doc.aux)
Package atveryend Info: Executing hook `AtVeryEndDocument' on input line 125.
Package atveryend Info: Executing hook `AtEndAfterFileList' on input line 125.
Package rerunfilecheck Info: File `Doc.out' has not changed.
(rerunfilecheck)             Checksum: 43962DA5F575CC541AB6C9E80AD9574D;2498.
Package atveryend Info: Empty hook `AtVeryVeryEnd' on input line 125.
 ) 
Here is how much of TeX's memory you used:
 9451 strings out of 493488
 141704 string characters out of 3141326
 313261 words of memory out of 3000000
 11867 multiletter control sequences out of 15000+200000
 10557 words of font info for 38 fonts, out of 3000000 for 9000
 957 hyphenation exceptions out of 8191
 32i,21n,42p,926b,1782s stack positions out of 5000i,500n,10000p,200000b,50000s
</usr/local/texlive/2012/texmf-dist/fonts/type1/public/amsfonts/cmextra/cmbsy
7.pfb></usr/local/texlive/2012/texmf-dist/fonts/type1/public/amsfonts/cm/cmbx10
.pfb></usr/local/texlive/2012/texmf-dist/fonts/type1/public/amsfonts/cm/cmbx12.
pfb></usr/local/texlive/2012/texmf-dist/fonts/type1/public/amsfonts/cm/cmbx7.pf
b></usr/local/texlive/2012/texmf-dist/fonts/type1/public/amsfonts/cm/cmbx9.pfb>
</usr/local/texlive/2012/texmf-dist/fonts/type1/public/amsfonts/cm/cmex10.pfb><
/usr/local/texlive/2012/texmf-dist/fonts/type1/public/amsfonts/cm/cmmi10.pfb></
usr/local/texlive/2012/texmf-dist/fonts/type1/public/amsfonts/cm/cmmi5.pfb></us
r/local/texlive/2012/texmf-dist/fonts/type1/public/amsfonts/cm/cmmi7.pfb></usr/
local/texlive/2012/texmf-dist/fonts/type1/public/amsfonts/cm/cmr10.pfb></usr/lo
cal/texlive/2012/texmf-dist/fonts/type1/public/amsfonts/cm/cmr7.pfb></usr/local
/texlive/2012/texmf-dist/fonts/type1/public/amsfonts/cm/cmsy10.pfb></usr/local/
texlive/2012/texmf-dist/fonts/type1/public/amsfonts/cm/cmsy7.pfb></usr/local/te
xlive/2012/texmf-dist/fonts/type1/public/amsfonts/cm/cmti10.pfb></usr/local/tex
live/2012/texmf-dist/fonts/type1/public/amsfonts/cm/cmtt10.pfb></usr/local/texl
ive/2012/texmf-dist/fonts/type1/public/txfonts/t1xbtt.pfb></usr/local/texlive/2
012/texmf-dist/fonts/type1/public/txfonts/t1xtt.pfb></usr/local/texlive/2012/te
xmf-dist/fonts/type1/public/txfonts/t1xtt.pfb>
Output written on Doc.pdf (33 pages, 1624926 bytes).
PDF statistics:
 1234 PDF objects out of 1440 (max. 8388607)
 1143 compressed objects within 12 object streams
 695 named destinations out of 1000 (max. 500000)
 389 words of extra memory for PDF output out of 10000 (max. 10000000)

